3rdHW/app/build/intermediates/manifest_merge_blame_file/debug/manifest-merger-blame-debug-report.txt
1<?xml version="1.0" encoding="utf-8"?>
2<manifest xmlns:android="http://schemas.android.com/apk/res/android"
3    package="com.example.qoutes_app"
4    android:versionCode="1"
5    android:versionName="1.0" >
6
7    <uses-sdk
8        android:minSdkVersion="21"
8-->src\main\AndroidManifest.xml
9        android:targetSdkVersion="31" />
9-->src\main\AndroidManifest.xml
10
11    <application
11-->src\main\AndroidManifest.xml:5:5-31:19
12        android:allowBackup="true"
12-->src\main\AndroidManifest.xml:6:9-35
13        android:appComponentFactory="androidx.core.app.CoreComponentFactory"
13-->[androidx.core:core:1.5.0] AndroidManifest.xml:24:18-86
14        android:debuggable="true"
15        android:icon="@mipmap/ic_launcher"
15-->src\main\AndroidManifest.xml:7:9-43
16        android:label="@string/app_name"
16-->src\main\AndroidManifest.xml:8:9-41
17        android:roundIcon="@mipmap/ic_launcher_round"
17-->src\main\AndroidManifest.xml:9:9-54
18        android:supportsRtl="true"
18-->src\main\AndroidManifest.xml:10:9-35
19        android:testOnly="true"
20        android:theme="@style/Theme.Qoutes_App" >
20-->src\main\AndroidManifest.xml:11:9-48
21        <receiver
21-->src\main\AndroidManifest.xml:12:9-15:48
22            android:name="com.example.qoutes_app.QuotesBroadcastReceiver"
22-->src\main\AndroidManifest.xml:13:13-52
23            android:enabled="true"
23-->src\main\AndroidManifest.xml:14:13-35
24            android:exported="true" />
24-->src\main\AndroidManifest.xml:15:13-36
25
26        <service
26-->src\main\AndroidManifest.xml:17:9-20:39
27            android:name="com.example.qoutes_app.QuotesService"
27-->src\main\AndroidManifest.xml:18:13-42
28            android:enabled="true"
28-->src\main\AndroidManifest.xml:19:13-35
29            android:exported="true" />
29-->src\main\AndroidManifest.xml:20:13-36
30
31        <activity
31-->src\main\AndroidManifest.xml:22:9-30:20
32            android:name="com.example.qoutes_app.MainActivity"
32-->src\main\AndroidManifest.xml:23:13-41
33            android:exported="true" >
33-->src\main\AndroidManifest.xml:24:13-36
34            <intent-filter>
34-->src\main\AndroidManifest.xml:25:13-29:29
35                <action android:name="android.intent.action.MAIN" />
35-->src\main\AndroidManifest.xml:26:17-69
35-->src\main\AndroidManifest.xml:26:25-66
36
37                <category android:name="android.intent.category.LAUNCHER" />
37-->src\main\AndroidManifest.xml:28:17-77
37-->src\main\AndroidManifest.xml:28:27-74
38            </intent-filter>
39        </activity>
40    </application>
41
42</manifest>